<?xml version="1.0" encoding="UTF-8"?>
<testsuite name="Test_Game.PlayerTest" tests="2" skipped="0" failures="0" errors="0" timestamp="2021-02-12T12:47:08" hostname="cjkeerthana-HP-Pavilion-Laptop-15-cs2xxx" time="0.003">
  <properties/>
  <testcase name="checkNameAndColorAndActivity()" classname="Test_Game.PlayerTest" time="0.001"/>
  <testcase name="checkStatusOfPlayer()" classname="Test_Game.PlayerTest" time="0.0"/>
  <system-out><![CDATA[]]></system-out>
  <system-err><![CDATA[]]></system-err>
</testsuite>
