<?xml version="1.0" encoding="UTF-8"?>
<testsuite name="Test_Game.PositionTest" tests="2" skipped="0" failures="0" errors="0" timestamp="2021-03-10T12:49:16" hostname="LAPTOP-OTAF57Q4" time="0.002">
  <properties/>
  <testcase name="checkPieceColorPosColor()" classname="Test_Game.PositionTest" time="0.0"/>
  <testcase name="checkRowIdColId()" classname="Test_Game.PositionTest" time="0.001"/>
  <system-out><![CDATA[]]></system-out>
  <system-err><![CDATA[]]></system-err>
</testsuite>
