<?xml version="1.0" encoding="UTF-8"?>
<testsuite name="Test_Game.GraphTest" tests="1" skipped="0" failures="0" errors="0" timestamp="2021-02-10T16:36:32" hostname="AZOZ" time="0.001">
  <properties/>
  <testcase name="isAddingNodeProperly()" classname="Test_Game.GraphTest" time="0.001"/>
  <system-out><![CDATA[]]></system-out>
  <system-err><![CDATA[]]></system-err>
</testsuite>
