<?xml version="1.0" encoding="UTF-8"?>
<testsuite name="Test_Game.MoveTest" tests="2" skipped="0" failures="0" errors="0" timestamp="2021-03-10T12:49:16" hostname="LAPTOP-OTAF57Q4" time="0.005">
  <properties/>
  <testcase name="makeaMove()" classname="Test_Game.MoveTest" time="0.003"/>
  <testcase name="escortFilling()" classname="Test_Game.MoveTest" time="0.001"/>
  <system-out><![CDATA[Invalid Coordinates, please enter again: 
]]></system-out>
  <system-err><![CDATA[]]></system-err>
</testsuite>
