<?xml version="1.0" encoding="UTF-8"?>
<testsuite name="Test_Game.BoardTest" tests="4" skipped="0" failures="0" errors="0" timestamp="2021-02-12T12:47:08" hostname="cjkeerthana-HP-Pavilion-Laptop-15-cs2xxx" time="0.023">
  <properties/>
  <testcase name="fillEscorts_edges()" classname="Test_Game.BoardTest" time="0.015"/>
  <testcase name="fillBoard()" classname="Test_Game.BoardTest" time="0.001"/>
  <testcase name="fillEscorts_interior()" classname="Test_Game.BoardTest" time="0.002"/>
  <testcase name="isValidPosition()" classname="Test_Game.BoardTest" time="0.002"/>
  <system-out><![CDATA[]]></system-out>
  <system-err><![CDATA[]]></system-err>
</testsuite>
