<?xml version="1.0" encoding="UTF-8"?>
<testsuite name="Test_Game.PlayerTest" tests="2" skipped="0" failures="0" errors="0" timestamp="2021-03-10T12:49:16" hostname="LAPTOP-OTAF57Q4" time="0.003">
  <properties/>
  <testcase name="checkNameAndColorAndActivity()" classname="Test_Game.PlayerTest" time="0.002"/>
  <testcase name="checkStatusOfPlayer()" classname="Test_Game.PlayerTest" time="0.0"/>
  <system-out><![CDATA[]]></system-out>
  <system-err><![CDATA[]]></system-err>
</testsuite>
