<?xml version="1.0" encoding="UTF-8"?>
<testsuite name="Test_Game.GameTest" tests="3" skipped="0" failures="0" errors="0" timestamp="2021-03-10T12:49:16" hostname="LAPTOP-OTAF57Q4" time="0.005">
  <properties/>
  <testcase name="activePlayers()" classname="Test_Game.GameTest" time="0.002"/>
  <testcase name="playingtheGame()" classname="Test_Game.GameTest" time="0.001"/>
  <testcase name="startingtheGame()" classname="Test_Game.GameTest" time="0.0"/>
  <system-out><![CDATA[]]></system-out>
  <system-err><![CDATA[]]></system-err>
</testsuite>
