<?xml version="1.0" encoding="UTF-8"?>
<testsuite name="Test_Game.BoardTest" tests="2" skipped="0" failures="0" errors="0" timestamp="2021-02-10T16:36:32" hostname="AZOZ" time="0.021">
  <properties/>
  <testcase name="fillBoard()" classname="Test_Game.BoardTest" time="0.016"/>
  <testcase name="isValidPosition()" classname="Test_Game.BoardTest" time="0.003"/>
  <system-out><![CDATA[]]></system-out>
  <system-err><![CDATA[]]></system-err>
</testsuite>
