<?xml version="1.0" encoding="UTF-8"?>
<testsuite name="Test_Game.GameTest" tests="1" skipped="0" failures="0" errors="0" timestamp="2021-02-10T21:51:00" hostname="AZOZ" time="0.016">
  <properties/>
  <testcase name="startingtheGame()" classname="Test_Game.GameTest" time="0.016"/>
  <system-out><![CDATA[Bln	Bln	Bln	Bln	Bln	Bln	Bln	Bln	Bln	Bln	Bln	Bln	Bln	Bln	Bln	 
Bln	Bln	Bln	Bln	Bln	Bln	Bln	Bln	Bln	Bln	Bln	Bln	Bln	Bln	Bln	 
Bln	Bln	Bln	Bln	Bln	Bln	Bln	Bln	Bln	Bln	Bln	Bln	Bln	Bln	Bln	 
Bln	Bln	Bln	Bln	Bln	Bln	Bln	Bln	Bln	Bln	Bln	Bln	Bln	Bln	Bln	 
Bln	Bln	Bln	Bln	Bln	Bln	Bln	Bln	Bln	Bln	Bln	Bln	Bln	Bln	Bln	 
Bln	Bln	Bln	Bln	Bln	Bln	Bln	Bln	Bln	Bln	Bln	Bln	Bln	Bln	Bln	 
Bln	Bln	Bln	Bln	Bln	Bln	Bln	Bln	Bln	Bln	Bln	Bln	Bln	Bln	Bln	 
Bln	Bln	Bln	Bln	Bln	Bln	Bln	Bln	Bln	Bln	Bln	Bln	Bln	Bln	Bln	 
Bln	Bln	Bln	Bln	Bln	Bln	Bln	Bln	Bln	Bln	Bln	Bln	Bln	Bln	Bln	 
Bln	Bln	Bln	Bln	Bln	Bln	Bln	Bln	Bln	Bln	Bln	Bln	Bln	Bln	Bln	 
Bln	Bln	Bln	Bln	Bln	Bln	Bln	Bln	Bln	Bln	Bln	Bln	Bln	Bln	Bln	 
Bln	Bln	Bln	Bln	Bln	Bln	Bln	Bln	Bln	Bln	Bln	Bln	Bln	Bln	Bln	 
Bln	Bln	Bln	Bln	Bln	Bln	Bln	Bln	Bln	Bln	Bln	Bln	Bln	Bln	Bln	 
Bln	Bln	Bln	Bln	Bln	Bln	Bln	Bln	Bln	Bln	Bln	Bln	Bln	Bln	Bln	 
Bln	Bln	Bln	Bln	Bln	Bln	Bln	Bln	Bln	Bln	Bln	Bln	Bln	Bln	Bln	 
Please enter the coordinate values between 0 and 15
]]></system-out>
  <system-err><![CDATA[]]></system-err>
</testsuite>
