<?xml version="1.0" encoding="UTF-8"?>
<testsuite name="Test_Game.PlayerTest" tests="2" skipped="0" failures="0" errors="0" timestamp="2021-02-08T10:08:43" hostname="AZOZ" time="0.074">
  <properties/>
  <testcase name="checkStatusOfPlayer()" classname="Test_Game.PlayerTest" time="0.041"/>
  <testcase name="checkNameAndColor()" classname="Test_Game.PlayerTest" time="0.029"/>
  <system-out><![CDATA[]]></system-out>
  <system-err><![CDATA[]]></system-err>
</testsuite>
