<?xml version="1.0" encoding="UTF-8"?>
<testsuite name="Test_Game.PlayerTest" tests="2" skipped="0" failures="0" errors="0" timestamp="2021-02-07T20:56:30" hostname="AZOZ" time="0.027">
  <properties/>
  <testcase name="checkStatusOfPlayer()" classname="Test_Game.PlayerTest" time="0.017"/>
  <testcase name="checkNameAndColor()" classname="Test_Game.PlayerTest" time="0.006"/>
  <system-out><![CDATA[]]></system-out>
  <system-err><![CDATA[]]></system-err>
</testsuite>
