<?xml version="1.0" encoding="UTF-8"?>
<testsuite name="Test_Game.PositionTest" tests="2" skipped="0" failures="0" errors="0" timestamp="2021-02-10T11:14:53" hostname="cjkeerthana-HP-Pavilion-Laptop-15-cs2xxx" time="0.004">
  <properties/>
  <testcase name="checkPieceColorPosColor()" classname="Test_Game.PositionTest" time="0.001"/>
  <testcase name="checkRowIdColId()" classname="Test_Game.PositionTest" time="0.002"/>
  <system-out><![CDATA[]]></system-out>
  <system-err><![CDATA[]]></system-err>
</testsuite>
