<?xml version="1.0" encoding="UTF-8"?>
<testsuite name="Test_Game.GraphTest" tests="3" skipped="0" failures="0" errors="0" timestamp="2021-03-10T12:49:16" hostname="LAPTOP-OTAF57Q4" time="0.006">
  <properties/>
  <testcase name="checkConnectionBetweenBorders()" classname="Test_Game.GraphTest" time="0.002"/>
  <testcase name="isAddingNodeProperly()" classname="Test_Game.GraphTest" time="0.001"/>
  <testcase name="checkEdgesBetweenNodes()" classname="Test_Game.GraphTest" time="0.001"/>
  <system-out><![CDATA[]]></system-out>
  <system-err><![CDATA[]]></system-err>
</testsuite>
