<?xml version="1.0" encoding="UTF-8"?>
<testsuite name="Test_Game.PlayerTest" tests="2" skipped="0" failures="0" errors="0" timestamp="2021-02-10T21:47:59" hostname="AZOZ" time="0.004">
  <properties/>
  <testcase name="checkNameAndColorAndActivity()" classname="Test_Game.PlayerTest" time="0.001"/>
  <testcase name="checkStatusOfPlayer()" classname="Test_Game.PlayerTest" time="0.001"/>
  <system-out><![CDATA[]]></system-out>
  <system-err><![CDATA[]]></system-err>
</testsuite>
